<?xml version="1.0" encoding="UTF-8"?>
<!-- Generated by org.testng.reporters.JUnitReportReporter -->
<testsuite skipped="0" hostname="DNID0694L01" name="com.g2academy.testcases.mainmenu.profile.TC_DeleteAccount" tests="11" failures="0" timestamp="18 May 2020 09:34:01 GMT" time="189.605" errors="0">
  <testcase name="testDeleteAccount" time="17.614" classname="com.g2academy.testcases.mainmenu.profile.TC_DeleteAccount"/>
  <testcase name="testDeleteAccount" time="19.064" classname="com.g2academy.testcases.mainmenu.profile.TC_DeleteAccount"/>
  <testcase name="testDeleteAccount" time="16.575" classname="com.g2academy.testcases.mainmenu.profile.TC_DeleteAccount"/>
  <testcase name="testDeleteAccount" time="15.619" classname="com.g2academy.testcases.mainmenu.profile.TC_DeleteAccount"/>
  <testcase name="testDeleteAccount" time="15.982" classname="com.g2academy.testcases.mainmenu.profile.TC_DeleteAccount"/>
  <testcase name="testDeleteAccount" time="16.148" classname="com.g2academy.testcases.mainmenu.profile.TC_DeleteAccount"/>
  <testcase name="testDeleteAccount" time="21.003" classname="com.g2academy.testcases.mainmenu.profile.TC_DeleteAccount"/>
  <testcase name="testDeleteAccount" time="17.281" classname="com.g2academy.testcases.mainmenu.profile.TC_DeleteAccount"/>
  <testcase name="testDeleteAccount" time="17.105" classname="com.g2academy.testcases.mainmenu.profile.TC_DeleteAccount"/>
  <testcase name="testDeleteAccount" time="17.448" classname="com.g2academy.testcases.mainmenu.profile.TC_DeleteAccount"/>
  <testcase name="testDeleteAccount" time="15.766" classname="com.g2academy.testcases.mainmenu.profile.TC_DeleteAccount"/>
</testsuite> <!-- com.g2academy.testcases.mainmenu.profile.TC_DeleteAccount -->
