<?xml version="1.0" encoding="UTF-8"?>
<!-- Generated by org.testng.reporters.JUnitReportReporter -->
<testsuite skipped="0" hostname="DNID0694L01" name="com.g2academy.testcases.loginmenu.TC_Register" tests="99" failures="4" timestamp="18 May 2020 09:51:56 GMT" time="693.891" errors="0">
  <testcase name="testRegister" time="5.486" classname="com.g2academy.testcases.loginmenu.TC_Register"/>
  <testcase name="testRegister" time="5.508" classname="com.g2academy.testcases.loginmenu.TC_Register"/>
  <testcase name="testRegister" time="13.601" classname="com.g2academy.testcases.loginmenu.TC_Register"/>
  <testcase name="testRegister" time="7.952" classname="com.g2academy.testcases.loginmenu.TC_Register"/>
  <testcase name="testRegister" time="5.596" classname="com.g2academy.testcases.loginmenu.TC_Register"/>
  <testcase name="testRegister" time="5.634" classname="com.g2academy.testcases.loginmenu.TC_Register"/>
  <testcase name="testRegister" time="6.960" classname="com.g2academy.testcases.loginmenu.TC_Register"/>
  <testcase name="testRegister" time="6.364" classname="com.g2academy.testcases.loginmenu.TC_Register"/>
  <testcase name="testRegister" time="6.087" classname="com.g2academy.testcases.loginmenu.TC_Register"/>
  <testcase name="testRegister" time="6.467" classname="com.g2academy.testcases.loginmenu.TC_Register"/>
  <testcase name="testRegister" time="7.162" classname="com.g2academy.testcases.loginmenu.TC_Register"/>
  <testcase name="testRegister" time="5.795" classname="com.g2academy.testcases.loginmenu.TC_Register"/>
  <testcase name="testRegister" time="6.257" classname="com.g2academy.testcases.loginmenu.TC_Register"/>
  <testcase name="testRegister" time="6.241" classname="com.g2academy.testcases.loginmenu.TC_Register"/>
  <testcase name="testRegister" time="12.697" classname="com.g2academy.testcases.loginmenu.TC_Register"/>
  <testcase name="testRegister" time="13.309" classname="com.g2academy.testcases.loginmenu.TC_Register"/>
  <testcase name="testRegister" time="6.411" classname="com.g2academy.testcases.loginmenu.TC_Register"/>
  <testcase name="testRegister" time="6.760" classname="com.g2academy.testcases.loginmenu.TC_Register"/>
  <testcase name="testRegister" time="6.137" classname="com.g2academy.testcases.loginmenu.TC_Register"/>
  <testcase name="testRegister" time="6.013" classname="com.g2academy.testcases.loginmenu.TC_Register"/>
  <testcase name="testRegister" time="6.218" classname="com.g2academy.testcases.loginmenu.TC_Register"/>
  <testcase name="testRegister" time="7.576" classname="com.g2academy.testcases.loginmenu.TC_Register"/>
  <testcase name="testRegister" time="5.734" classname="com.g2academy.testcases.loginmenu.TC_Register"/>
  <testcase name="testRegister" time="5.784" classname="com.g2academy.testcases.loginmenu.TC_Register"/>
  <testcase name="testRegister" time="6.760" classname="com.g2academy.testcases.loginmenu.TC_Register"/>
  <testcase name="testRegister" time="4.973" classname="com.g2academy.testcases.loginmenu.TC_Register"/>
  <testcase name="testRegister" time="5.330" classname="com.g2academy.testcases.loginmenu.TC_Register"/>
  <testcase name="testRegister" time="6.575" classname="com.g2academy.testcases.loginmenu.TC_Register"/>
  <testcase name="testRegister" time="6.486" classname="com.g2academy.testcases.loginmenu.TC_Register"/>
  <testcase name="testRegister" time="6.963" classname="com.g2academy.testcases.loginmenu.TC_Register"/>
  <testcase name="testRegister" time="6.094" classname="com.g2academy.testcases.loginmenu.TC_Register"/>
  <testcase name="testRegister" time="7.166" classname="com.g2academy.testcases.loginmenu.TC_Register"/>
  <testcase name="testRegister" time="5.937" classname="com.g2academy.testcases.loginmenu.TC_Register"/>
  <testcase name="testRegister" time="5.643" classname="com.g2academy.testcases.loginmenu.TC_Register"/>
  <testcase name="testRegister" time="5.957" classname="com.g2academy.testcases.loginmenu.TC_Register"/>
  <testcase name="testRegister" time="5.731" classname="com.g2academy.testcases.loginmenu.TC_Register"/>
  <testcase name="testRegister" time="6.598" classname="com.g2academy.testcases.loginmenu.TC_Register"/>
  <testcase name="testRegister" time="5.647" classname="com.g2academy.testcases.loginmenu.TC_Register"/>
  <testcase name="testRegister" time="5.916" classname="com.g2academy.testcases.loginmenu.TC_Register"/>
  <testcase name="testRegister" time="11.260" classname="com.g2academy.testcases.loginmenu.TC_Register"/>
  <testcase name="testRegister" time="5.780" classname="com.g2academy.testcases.loginmenu.TC_Register"/>
  <testcase name="testRegister" time="6.092" classname="com.g2academy.testcases.loginmenu.TC_Register"/>
  <testcase name="testRegister" time="6.174" classname="com.g2academy.testcases.loginmenu.TC_Register"/>
  <testcase name="testRegister" time="6.457" classname="com.g2academy.testcases.loginmenu.TC_Register"/>
  <testcase name="testRegister" time="14.542" classname="com.g2academy.testcases.loginmenu.TC_Register"/>
  <testcase name="testRegister" time="6.646" classname="com.g2academy.testcases.loginmenu.TC_Register"/>
  <testcase name="testRegister" time="5.257" classname="com.g2academy.testcases.loginmenu.TC_Register"/>
  <testcase name="testRegister" time="7.119" classname="com.g2academy.testcases.loginmenu.TC_Register"/>
  <testcase name="testRegister" time="6.372" classname="com.g2academy.testcases.loginmenu.TC_Register"/>
  <testcase name="testRegister" time="7.912" classname="com.g2academy.testcases.loginmenu.TC_Register">
    <failure type="java.lang.AssertionError" message="expected [400] but found [200]">
      <![CDATA[java.lang.AssertionError: expected [400] but found [200]
at org.testng.Assert.fail(Assert.java:96)
at org.testng.Assert.failNotEquals(Assert.java:776)
at org.testng.Assert.assertEqualsImpl(Assert.java:137)
at org.testng.Assert.assertEquals(Assert.java:118)
at org.testng.Assert.assertEquals(Assert.java:652)
at org.testng.Assert.assertEquals(Assert.java:662)
at com.g2academy.base.Assertion.statusCode(Assertion.java:8)
at com.g2academy.testcases.loginmenu.TC_Register.testRegister(TC_Register.java:90)
at sun.reflect.GeneratedMethodAccessor132.invoke(Unknown Source)
at sun.reflect.DelegatingMethodAccessorImpl.invoke(DelegatingMethodAccessorImpl.java:43)
at java.lang.reflect.Method.invoke(Method.java:498)
at org.testng.internal.MethodInvocationHelper.invokeMethod(MethodInvocationHelper.java:124)
at org.testng.internal.InvokeMethodRunnable.runOne(InvokeMethodRunnable.java:54)
at org.testng.internal.InvokeMethodRunnable.run(InvokeMethodRunnable.java:44)
at java.util.concurrent.Executors$RunnableAdapter.call(Executors.java:511)
at java.util.concurrent.FutureTask.run(FutureTask.java:266)
at java.util.concurrent.ThreadPoolExecutor.runWorker(ThreadPoolExecutor.java:1149)
at java.util.concurrent.ThreadPoolExecutor$Worker.run(ThreadPoolExecutor.java:624)
at java.lang.Thread.run(Thread.java:748)
]]>
    </failure>
  </testcase> <!-- testRegister -->
  <testcase name="testRegister" time="5.349" classname="com.g2academy.testcases.loginmenu.TC_Register"/>
  <testcase name="testRegister" time="6.236" classname="com.g2academy.testcases.loginmenu.TC_Register"/>
  <testcase name="testRegister" time="5.845" classname="com.g2academy.testcases.loginmenu.TC_Register"/>
  <testcase name="testRegister" time="6.252" classname="com.g2academy.testcases.loginmenu.TC_Register"/>
  <testcase name="testRegister" time="5.747" classname="com.g2academy.testcases.loginmenu.TC_Register"/>
  <testcase name="testRegister" time="5.742" classname="com.g2academy.testcases.loginmenu.TC_Register"/>
  <testcase name="testRegister" time="6.162" classname="com.g2academy.testcases.loginmenu.TC_Register"/>
  <testcase name="testRegister" time="6.363" classname="com.g2academy.testcases.loginmenu.TC_Register"/>
  <testcase name="testRegister" time="6.140" classname="com.g2academy.testcases.loginmenu.TC_Register"/>
  <testcase name="testRegister" time="6.040" classname="com.g2academy.testcases.loginmenu.TC_Register"/>
  <testcase name="testRegister" time="6.394" classname="com.g2academy.testcases.loginmenu.TC_Register"/>
  <testcase name="testRegister" time="11.840" classname="com.g2academy.testcases.loginmenu.TC_Register"/>
  <testcase name="testRegister" time="6.149" classname="com.g2academy.testcases.loginmenu.TC_Register"/>
  <testcase name="testRegister" time="7.356" classname="com.g2academy.testcases.loginmenu.TC_Register"/>
  <testcase name="testRegister" time="11.589" classname="com.g2academy.testcases.loginmenu.TC_Register"/>
  <testcase name="testRegister" time="6.122" classname="com.g2academy.testcases.loginmenu.TC_Register"/>
  <testcase name="testRegister" time="5.935" classname="com.g2academy.testcases.loginmenu.TC_Register"/>
  <testcase name="testRegister" time="6.378" classname="com.g2academy.testcases.loginmenu.TC_Register"/>
  <testcase name="testRegister" time="11.548" classname="com.g2academy.testcases.loginmenu.TC_Register"/>
  <testcase name="testRegister" time="5.959" classname="com.g2academy.testcases.loginmenu.TC_Register"/>
  <testcase name="testRegister" time="6.607" classname="com.g2academy.testcases.loginmenu.TC_Register"/>
  <testcase name="testRegister" time="5.442" classname="com.g2academy.testcases.loginmenu.TC_Register"/>
  <testcase name="testRegister" time="6.969" classname="com.g2academy.testcases.loginmenu.TC_Register"/>
  <testcase name="testRegister" time="5.910" classname="com.g2academy.testcases.loginmenu.TC_Register"/>
  <testcase name="testRegister" time="6.262" classname="com.g2academy.testcases.loginmenu.TC_Register"/>
  <testcase name="testRegister" time="8.076" classname="com.g2academy.testcases.loginmenu.TC_Register">
    <failure type="java.lang.AssertionError" message="expected [400] but found [200]">
      <![CDATA[java.lang.AssertionError: expected [400] but found [200]
at org.testng.Assert.fail(Assert.java:96)
at org.testng.Assert.failNotEquals(Assert.java:776)
at org.testng.Assert.assertEqualsImpl(Assert.java:137)
at org.testng.Assert.assertEquals(Assert.java:118)
at org.testng.Assert.assertEquals(Assert.java:652)
at org.testng.Assert.assertEquals(Assert.java:662)
at com.g2academy.base.Assertion.statusCode(Assertion.java:8)
at com.g2academy.testcases.loginmenu.TC_Register.testRegister(TC_Register.java:90)
at sun.reflect.GeneratedMethodAccessor132.invoke(Unknown Source)
at sun.reflect.DelegatingMethodAccessorImpl.invoke(DelegatingMethodAccessorImpl.java:43)
at java.lang.reflect.Method.invoke(Method.java:498)
at org.testng.internal.MethodInvocationHelper.invokeMethod(MethodInvocationHelper.java:124)
at org.testng.internal.InvokeMethodRunnable.runOne(InvokeMethodRunnable.java:54)
at org.testng.internal.InvokeMethodRunnable.run(InvokeMethodRunnable.java:44)
at java.util.concurrent.Executors$RunnableAdapter.call(Executors.java:511)
at java.util.concurrent.FutureTask.run(FutureTask.java:266)
at java.util.concurrent.ThreadPoolExecutor.runWorker(ThreadPoolExecutor.java:1149)
at java.util.concurrent.ThreadPoolExecutor$Worker.run(ThreadPoolExecutor.java:624)
at java.lang.Thread.run(Thread.java:748)
]]>
    </failure>
  </testcase> <!-- testRegister -->
  <testcase name="testRegister" time="5.328" classname="com.g2academy.testcases.loginmenu.TC_Register"/>
  <testcase name="testRegister" time="12.394" classname="com.g2academy.testcases.loginmenu.TC_Register"/>
  <testcase name="testRegister" time="11.502" classname="com.g2academy.testcases.loginmenu.TC_Register">
    <failure type="java.lang.AssertionError" message="expected [200] but found [500]">
      <![CDATA[java.lang.AssertionError: expected [200] but found [500]
at org.testng.Assert.fail(Assert.java:96)
at org.testng.Assert.failNotEquals(Assert.java:776)
at org.testng.Assert.assertEqualsImpl(Assert.java:137)
at org.testng.Assert.assertEquals(Assert.java:118)
at org.testng.Assert.assertEquals(Assert.java:652)
at org.testng.Assert.assertEquals(Assert.java:662)
at com.g2academy.base.Assertion.statusCode(Assertion.java:8)
at com.g2academy.testcases.loginmenu.TC_Register.testRegister(TC_Register.java:96)
at sun.reflect.GeneratedMethodAccessor132.invoke(Unknown Source)
at sun.reflect.DelegatingMethodAccessorImpl.invoke(DelegatingMethodAccessorImpl.java:43)
at java.lang.reflect.Method.invoke(Method.java:498)
at org.testng.internal.MethodInvocationHelper.invokeMethod(MethodInvocationHelper.java:124)
at org.testng.internal.InvokeMethodRunnable.runOne(InvokeMethodRunnable.java:54)
at org.testng.internal.InvokeMethodRunnable.run(InvokeMethodRunnable.java:44)
at java.util.concurrent.Executors$RunnableAdapter.call(Executors.java:511)
at java.util.concurrent.FutureTask.run(FutureTask.java:266)
at java.util.concurrent.ThreadPoolExecutor.runWorker(ThreadPoolExecutor.java:1149)
at java.util.concurrent.ThreadPoolExecutor$Worker.run(ThreadPoolExecutor.java:624)
at java.lang.Thread.run(Thread.java:748)
]]>
    </failure>
  </testcase> <!-- testRegister -->
  <testcase name="testRegister" time="5.927" classname="com.g2academy.testcases.loginmenu.TC_Register"/>
  <testcase name="testRegister" time="6.760" classname="com.g2academy.testcases.loginmenu.TC_Register"/>
  <testcase name="testRegister" time="4.645" classname="com.g2academy.testcases.loginmenu.TC_Register"/>
  <testcase name="testRegister" time="5.621" classname="com.g2academy.testcases.loginmenu.TC_Register"/>
  <testcase name="testRegister" time="6.425" classname="com.g2academy.testcases.loginmenu.TC_Register"/>
  <testcase name="testRegister" time="5.966" classname="com.g2academy.testcases.loginmenu.TC_Register"/>
  <testcase name="testRegister" time="5.868" classname="com.g2academy.testcases.loginmenu.TC_Register"/>
  <testcase name="testRegister" time="6.172" classname="com.g2academy.testcases.loginmenu.TC_Register"/>
  <testcase name="testRegister" time="14.935" classname="com.g2academy.testcases.loginmenu.TC_Register"/>
  <testcase name="testRegister" time="6.676" classname="com.g2academy.testcases.loginmenu.TC_Register"/>
  <testcase name="testRegister" time="6.254" classname="com.g2academy.testcases.loginmenu.TC_Register"/>
  <testcase name="testRegister" time="6.597" classname="com.g2academy.testcases.loginmenu.TC_Register"/>
  <testcase name="testRegister" time="7.334" classname="com.g2academy.testcases.loginmenu.TC_Register"/>
  <testcase name="testRegister" time="7.167" classname="com.g2academy.testcases.loginmenu.TC_Register"/>
  <testcase name="testRegister" time="7.049" classname="com.g2academy.testcases.loginmenu.TC_Register">
    <failure type="java.lang.AssertionError" message="expected [400] but found [200]">
      <![CDATA[java.lang.AssertionError: expected [400] but found [200]
at org.testng.Assert.fail(Assert.java:96)
at org.testng.Assert.failNotEquals(Assert.java:776)
at org.testng.Assert.assertEqualsImpl(Assert.java:137)
at org.testng.Assert.assertEquals(Assert.java:118)
at org.testng.Assert.assertEquals(Assert.java:652)
at org.testng.Assert.assertEquals(Assert.java:662)
at com.g2academy.base.Assertion.statusCode(Assertion.java:8)
at com.g2academy.testcases.loginmenu.TC_Register.testRegister(TC_Register.java:90)
at sun.reflect.GeneratedMethodAccessor132.invoke(Unknown Source)
at sun.reflect.DelegatingMethodAccessorImpl.invoke(DelegatingMethodAccessorImpl.java:43)
at java.lang.reflect.Method.invoke(Method.java:498)
at org.testng.internal.MethodInvocationHelper.invokeMethod(MethodInvocationHelper.java:124)
at org.testng.internal.InvokeMethodRunnable.runOne(InvokeMethodRunnable.java:54)
at org.testng.internal.InvokeMethodRunnable.run(InvokeMethodRunnable.java:44)
at java.util.concurrent.Executors$RunnableAdapter.call(Executors.java:511)
at java.util.concurrent.FutureTask.run(FutureTask.java:266)
at java.util.concurrent.ThreadPoolExecutor.runWorker(ThreadPoolExecutor.java:1149)
at java.util.concurrent.ThreadPoolExecutor$Worker.run(ThreadPoolExecutor.java:624)
at java.lang.Thread.run(Thread.java:748)
]]>
    </failure>
  </testcase> <!-- testRegister -->
  <testcase name="testRegister" time="6.490" classname="com.g2academy.testcases.loginmenu.TC_Register"/>
  <testcase name="testRegister" time="5.862" classname="com.g2academy.testcases.loginmenu.TC_Register"/>
  <testcase name="testRegister" time="12.084" classname="com.g2academy.testcases.loginmenu.TC_Register"/>
  <testcase name="testRegister" time="5.750" classname="com.g2academy.testcases.loginmenu.TC_Register"/>
  <testcase name="testRegister" time="5.537" classname="com.g2academy.testcases.loginmenu.TC_Register"/>
</testsuite> <!-- com.g2academy.testcases.loginmenu.TC_Register -->
