<?xml version="1.0" encoding="UTF-8"?>
<!-- Generated by org.testng.reporters.JUnitReportReporter -->
<testsuite skipped="98" hostname="DNID0694L01" name="com.g2academy.testcases.loginmenu.TC_Register" tests="100" failures="2" timestamp="21 May 2020 07:53:41 GMT" time="1.673" errors="0">
  <testcase name="testRegister" time="0.000" classname="com.g2academy.testcases.loginmenu.TC_Register">
    <skipped/>
  </testcase> <!-- testRegister -->
  <testcase name="testRegister" time="0.000" classname="com.g2academy.testcases.loginmenu.TC_Register">
    <skipped/>
  </testcase> <!-- testRegister -->
  <testcase name="testRegister" time="0.000" classname="com.g2academy.testcases.loginmenu.TC_Register">
    <skipped/>
  </testcase> <!-- testRegister -->
  <testcase name="testRegister" time="0.000" classname="com.g2academy.testcases.loginmenu.TC_Register">
    <skipped/>
  </testcase> <!-- testRegister -->
  <testcase name="testRegister" time="0.000" classname="com.g2academy.testcases.loginmenu.TC_Register">
    <skipped/>
  </testcase> <!-- testRegister -->
  <testcase name="testRegister" time="0.000" classname="com.g2academy.testcases.loginmenu.TC_Register">
    <skipped/>
  </testcase> <!-- testRegister -->
  <testcase name="testRegister" time="0.000" classname="com.g2academy.testcases.loginmenu.TC_Register">
    <skipped/>
  </testcase> <!-- testRegister -->
  <testcase name="testRegister" time="0.000" classname="com.g2academy.testcases.loginmenu.TC_Register">
    <skipped/>
  </testcase> <!-- testRegister -->
  <testcase name="testRegister" time="0.000" classname="com.g2academy.testcases.loginmenu.TC_Register">
    <skipped/>
  </testcase> <!-- testRegister -->
  <testcase name="testRegister" time="0.000" classname="com.g2academy.testcases.loginmenu.TC_Register">
    <skipped/>
  </testcase> <!-- testRegister -->
  <testcase name="testRegister" time="0.000" classname="com.g2academy.testcases.loginmenu.TC_Register">
    <skipped/>
  </testcase> <!-- testRegister -->
  <testcase name="testRegister" time="0.000" classname="com.g2academy.testcases.loginmenu.TC_Register">
    <skipped/>
  </testcase> <!-- testRegister -->
  <testcase name="testRegister" time="0.000" classname="com.g2academy.testcases.loginmenu.TC_Register">
    <skipped/>
  </testcase> <!-- testRegister -->
  <testcase name="testRegister" time="0.000" classname="com.g2academy.testcases.loginmenu.TC_Register">
    <skipped/>
  </testcase> <!-- testRegister -->
  <testcase name="testRegister" time="0.000" classname="com.g2academy.testcases.loginmenu.TC_Register">
    <skipped/>
  </testcase> <!-- testRegister -->
  <testcase name="testRegister" time="0.000" classname="com.g2academy.testcases.loginmenu.TC_Register">
    <skipped/>
  </testcase> <!-- testRegister -->
  <testcase name="testRegister" time="0.000" classname="com.g2academy.testcases.loginmenu.TC_Register">
    <skipped/>
  </testcase> <!-- testRegister -->
  <testcase name="testRegister" time="0.000" classname="com.g2academy.testcases.loginmenu.TC_Register">
    <skipped/>
  </testcase> <!-- testRegister -->
  <testcase name="testRegister" time="0.000" classname="com.g2academy.testcases.loginmenu.TC_Register">
    <skipped/>
  </testcase> <!-- testRegister -->
  <testcase name="testRegister" time="0.000" classname="com.g2academy.testcases.loginmenu.TC_Register">
    <skipped/>
  </testcase> <!-- testRegister -->
  <testcase name="testRegister" time="0.000" classname="com.g2academy.testcases.loginmenu.TC_Register">
    <skipped/>
  </testcase> <!-- testRegister -->
  <testcase name="testRegister" time="0.000" classname="com.g2academy.testcases.loginmenu.TC_Register">
    <skipped/>
  </testcase> <!-- testRegister -->
  <testcase name="testRegister" time="0.000" classname="com.g2academy.testcases.loginmenu.TC_Register">
    <skipped/>
  </testcase> <!-- testRegister -->
  <testcase name="testRegister" time="0.000" classname="com.g2academy.testcases.loginmenu.TC_Register">
    <skipped/>
  </testcase> <!-- testRegister -->
  <testcase name="testRegister" time="0.000" classname="com.g2academy.testcases.loginmenu.TC_Register">
    <skipped/>
  </testcase> <!-- testRegister -->
  <testcase name="testRegister" time="0.000" classname="com.g2academy.testcases.loginmenu.TC_Register">
    <skipped/>
  </testcase> <!-- testRegister -->
  <testcase name="testRegister" time="0.000" classname="com.g2academy.testcases.loginmenu.TC_Register">
    <skipped/>
  </testcase> <!-- testRegister -->
  <testcase name="testRegister" time="0.000" classname="com.g2academy.testcases.loginmenu.TC_Register">
    <skipped/>
  </testcase> <!-- testRegister -->
  <testcase name="testRegister" time="0.000" classname="com.g2academy.testcases.loginmenu.TC_Register">
    <skipped/>
  </testcase> <!-- testRegister -->
  <testcase name="testRegister" time="0.000" classname="com.g2academy.testcases.loginmenu.TC_Register">
    <skipped/>
  </testcase> <!-- testRegister -->
  <testcase name="testRegister" time="0.000" classname="com.g2academy.testcases.loginmenu.TC_Register">
    <skipped/>
  </testcase> <!-- testRegister -->
  <testcase name="testRegister" time="0.000" classname="com.g2academy.testcases.loginmenu.TC_Register">
    <skipped/>
  </testcase> <!-- testRegister -->
  <testcase name="testRegister" time="0.000" classname="com.g2academy.testcases.loginmenu.TC_Register">
    <skipped/>
  </testcase> <!-- testRegister -->
  <testcase name="testRegister" time="0.000" classname="com.g2academy.testcases.loginmenu.TC_Register">
    <skipped/>
  </testcase> <!-- testRegister -->
  <testcase name="testRegister" time="0.000" classname="com.g2academy.testcases.loginmenu.TC_Register">
    <skipped/>
  </testcase> <!-- testRegister -->
  <testcase name="testRegister" time="0.000" classname="com.g2academy.testcases.loginmenu.TC_Register">
    <skipped/>
  </testcase> <!-- testRegister -->
  <testcase name="testRegister" time="0.000" classname="com.g2academy.testcases.loginmenu.TC_Register">
    <skipped/>
  </testcase> <!-- testRegister -->
  <testcase name="testRegister" time="0.000" classname="com.g2academy.testcases.loginmenu.TC_Register">
    <skipped/>
  </testcase> <!-- testRegister -->
  <testcase name="testRegister" time="0.000" classname="com.g2academy.testcases.loginmenu.TC_Register">
    <skipped/>
  </testcase> <!-- testRegister -->
  <testcase name="testRegister" time="0.000" classname="com.g2academy.testcases.loginmenu.TC_Register">
    <skipped/>
  </testcase> <!-- testRegister -->
  <testcase name="testRegister" time="0.000" classname="com.g2academy.testcases.loginmenu.TC_Register">
    <skipped/>
  </testcase> <!-- testRegister -->
  <testcase name="testRegister" time="0.000" classname="com.g2academy.testcases.loginmenu.TC_Register">
    <skipped/>
  </testcase> <!-- testRegister -->
  <testcase name="testRegister" time="0.000" classname="com.g2academy.testcases.loginmenu.TC_Register">
    <skipped/>
  </testcase> <!-- testRegister -->
  <testcase name="testRegister" time="0.000" classname="com.g2academy.testcases.loginmenu.TC_Register">
    <skipped/>
  </testcase> <!-- testRegister -->
  <testcase name="testRegister" time="0.000" classname="com.g2academy.testcases.loginmenu.TC_Register">
    <skipped/>
  </testcase> <!-- testRegister -->
  <testcase name="testRegister" time="0.000" classname="com.g2academy.testcases.loginmenu.TC_Register">
    <skipped/>
  </testcase> <!-- testRegister -->
  <testcase name="testRegister" time="0.000" classname="com.g2academy.testcases.loginmenu.TC_Register">
    <skipped/>
  </testcase> <!-- testRegister -->
  <testcase name="testRegister" time="0.000" classname="com.g2academy.testcases.loginmenu.TC_Register">
    <skipped/>
  </testcase> <!-- testRegister -->
  <testcase name="testRegister" time="0.000" classname="com.g2academy.testcases.loginmenu.TC_Register">
    <skipped/>
  </testcase> <!-- testRegister -->
  <testcase name="testRegister" time="0.000" classname="com.g2academy.testcases.loginmenu.TC_Register">
    <skipped/>
  </testcase> <!-- testRegister -->
  <testcase name="testRegister" time="0.000" classname="com.g2academy.testcases.loginmenu.TC_Register">
    <skipped/>
  </testcase> <!-- testRegister -->
  <testcase name="testRegister" time="0.000" classname="com.g2academy.testcases.loginmenu.TC_Register">
    <skipped/>
  </testcase> <!-- testRegister -->
  <testcase name="testRegister" time="0.000" classname="com.g2academy.testcases.loginmenu.TC_Register">
    <skipped/>
  </testcase> <!-- testRegister -->
  <testcase name="testRegister" time="0.000" classname="com.g2academy.testcases.loginmenu.TC_Register">
    <skipped/>
  </testcase> <!-- testRegister -->
  <testcase name="testRegister" time="0.000" classname="com.g2academy.testcases.loginmenu.TC_Register">
    <skipped/>
  </testcase> <!-- testRegister -->
  <testcase name="testRegister" time="0.000" classname="com.g2academy.testcases.loginmenu.TC_Register">
    <skipped/>
  </testcase> <!-- testRegister -->
  <testcase name="testRegister" time="0.000" classname="com.g2academy.testcases.loginmenu.TC_Register">
    <skipped/>
  </testcase> <!-- testRegister -->
  <testcase name="testRegister" time="0.000" classname="com.g2academy.testcases.loginmenu.TC_Register">
    <skipped/>
  </testcase> <!-- testRegister -->
  <testcase name="testRegister" time="0.000" classname="com.g2academy.testcases.loginmenu.TC_Register">
    <skipped/>
  </testcase> <!-- testRegister -->
  <testcase name="testRegister" time="0.000" classname="com.g2academy.testcases.loginmenu.TC_Register">
    <skipped/>
  </testcase> <!-- testRegister -->
  <testcase name="testRegister" time="0.000" classname="com.g2academy.testcases.loginmenu.TC_Register">
    <skipped/>
  </testcase> <!-- testRegister -->
  <testcase name="testRegister" time="0.000" classname="com.g2academy.testcases.loginmenu.TC_Register">
    <skipped/>
  </testcase> <!-- testRegister -->
  <testcase name="testRegister" time="0.000" classname="com.g2academy.testcases.loginmenu.TC_Register">
    <skipped/>
  </testcase> <!-- testRegister -->
  <testcase name="afterMethod" time="0.058" classname="com.g2academy.testcases.loginmenu.TC_Register">
    <failure type="java.lang.AssertionError" message="expected [200] but found [400]">
      <![CDATA[java.lang.AssertionError: expected [200] but found [400]
at org.testng.Assert.fail(Assert.java:96)
at org.testng.Assert.failNotEquals(Assert.java:776)
at org.testng.Assert.assertEqualsImpl(Assert.java:137)
at org.testng.Assert.assertEquals(Assert.java:118)
at org.testng.Assert.assertEquals(Assert.java:652)
at org.testng.Assert.assertEquals(Assert.java:662)
at com.g2academy.testcases.loginmenu.TC_Register.afterMethod(TC_Register.java:138)
at sun.reflect.NativeMethodAccessorImpl.invoke0(Native Method)
at sun.reflect.NativeMethodAccessorImpl.invoke(NativeMethodAccessorImpl.java:62)
at sun.reflect.DelegatingMethodAccessorImpl.invoke(DelegatingMethodAccessorImpl.java:43)
at java.lang.reflect.Method.invoke(Method.java:498)
at org.testng.internal.MethodInvocationHelper.invokeMethod(MethodInvocationHelper.java:124)
at org.testng.internal.MethodInvocationHelper.invokeMethodConsideringTimeout(MethodInvocationHelper.java:59)
at org.testng.internal.Invoker.invokeConfigurationMethod(Invoker.java:458)
at org.testng.internal.Invoker.invokeConfigurations(Invoker.java:222)
at org.testng.internal.Invoker.invokeMethod(Invoker.java:646)
at org.testng.internal.Invoker.invokeTestMethod(Invoker.java:719)
at org.testng.internal.Invoker.invokeTestMethods(Invoker.java:989)
at org.testng.internal.TestMethodWorker.invokeTestMethods(TestMethodWorker.java:125)
at org.testng.internal.TestMethodWorker.run(TestMethodWorker.java:109)
at org.testng.TestRunner.privateRun(TestRunner.java:648)
at org.testng.TestRunner.run(TestRunner.java:505)
at org.testng.SuiteRunner.runTest(SuiteRunner.java:455)
at org.testng.SuiteRunner.runSequentially(SuiteRunner.java:450)
at org.testng.SuiteRunner.privateRun(SuiteRunner.java:415)
at org.testng.SuiteRunner.run(SuiteRunner.java:364)
at org.testng.SuiteRunnerWorker.runSuite(SuiteRunnerWorker.java:52)
at org.testng.SuiteRunnerWorker.run(SuiteRunnerWorker.java:84)
at org.testng.TestNG.runSuitesSequentially(TestNG.java:1208)
at org.testng.TestNG.runSuitesLocally(TestNG.java:1137)
at org.testng.TestNG.runSuites(TestNG.java:1049)
at org.testng.TestNG.run(TestNG.java:1017)
at com.intellij.rt.testng.IDEARemoteTestNG.run(IDEARemoteTestNG.java:66)
at com.intellij.rt.testng.RemoteTestNGStarter.main(RemoteTestNGStarter.java:110)
]]>
    </failure>
  </testcase> <!-- afterMethod -->
  <testcase name="testRegister" time="0.000" classname="com.g2academy.testcases.loginmenu.TC_Register">
    <skipped/>
  </testcase> <!-- testRegister -->
  <testcase name="testRegister" time="0.000" classname="com.g2academy.testcases.loginmenu.TC_Register">
    <skipped/>
  </testcase> <!-- testRegister -->
  <testcase name="testRegister" time="0.000" classname="com.g2academy.testcases.loginmenu.TC_Register">
    <skipped/>
  </testcase> <!-- testRegister -->
  <testcase name="testRegister" time="0.000" classname="com.g2academy.testcases.loginmenu.TC_Register">
    <skipped/>
  </testcase> <!-- testRegister -->
  <testcase name="testRegister" time="0.000" classname="com.g2academy.testcases.loginmenu.TC_Register">
    <skipped/>
  </testcase> <!-- testRegister -->
  <testcase name="testRegister" time="0.000" classname="com.g2academy.testcases.loginmenu.TC_Register">
    <skipped/>
  </testcase> <!-- testRegister -->
  <testcase name="testRegister" time="0.000" classname="com.g2academy.testcases.loginmenu.TC_Register">
    <skipped/>
  </testcase> <!-- testRegister -->
  <testcase name="testRegister" time="0.000" classname="com.g2academy.testcases.loginmenu.TC_Register">
    <skipped/>
  </testcase> <!-- testRegister -->
  <testcase name="testRegister" time="0.000" classname="com.g2academy.testcases.loginmenu.TC_Register">
    <skipped/>
  </testcase> <!-- testRegister -->
  <testcase name="testRegister" time="0.000" classname="com.g2academy.testcases.loginmenu.TC_Register">
    <skipped/>
  </testcase> <!-- testRegister -->
  <testcase name="testRegister" time="0.000" classname="com.g2academy.testcases.loginmenu.TC_Register">
    <skipped/>
  </testcase> <!-- testRegister -->
  <testcase name="testRegister" time="0.000" classname="com.g2academy.testcases.loginmenu.TC_Register">
    <skipped/>
  </testcase> <!-- testRegister -->
  <testcase name="testRegister" time="0.000" classname="com.g2academy.testcases.loginmenu.TC_Register">
    <skipped/>
  </testcase> <!-- testRegister -->
  <testcase name="testRegister" time="0.000" classname="com.g2academy.testcases.loginmenu.TC_Register">
    <skipped/>
  </testcase> <!-- testRegister -->
  <testcase name="testRegister" time="0.000" classname="com.g2academy.testcases.loginmenu.TC_Register">
    <skipped/>
  </testcase> <!-- testRegister -->
  <testcase name="testRegister" time="0.000" classname="com.g2academy.testcases.loginmenu.TC_Register">
    <skipped/>
  </testcase> <!-- testRegister -->
  <testcase name="testRegister" time="0.000" classname="com.g2academy.testcases.loginmenu.TC_Register">
    <skipped/>
  </testcase> <!-- testRegister -->
  <testcase name="testRegister" time="0.000" classname="com.g2academy.testcases.loginmenu.TC_Register">
    <skipped/>
  </testcase> <!-- testRegister -->
  <testcase name="testRegister" time="0.000" classname="com.g2academy.testcases.loginmenu.TC_Register">
    <skipped/>
  </testcase> <!-- testRegister -->
  <testcase name="testRegister" time="0.000" classname="com.g2academy.testcases.loginmenu.TC_Register">
    <skipped/>
  </testcase> <!-- testRegister -->
  <testcase name="testRegister" time="0.000" classname="com.g2academy.testcases.loginmenu.TC_Register">
    <skipped/>
  </testcase> <!-- testRegister -->
  <testcase name="testRegister" time="0.000" classname="com.g2academy.testcases.loginmenu.TC_Register">
    <skipped/>
  </testcase> <!-- testRegister -->
  <testcase name="testRegister" time="0.000" classname="com.g2academy.testcases.loginmenu.TC_Register">
    <skipped/>
  </testcase> <!-- testRegister -->
  <testcase name="testRegister" time="0.000" classname="com.g2academy.testcases.loginmenu.TC_Register">
    <skipped/>
  </testcase> <!-- testRegister -->
  <testcase name="testRegister" time="0.000" classname="com.g2academy.testcases.loginmenu.TC_Register">
    <skipped/>
  </testcase> <!-- testRegister -->
  <testcase name="testRegister" time="0.000" classname="com.g2academy.testcases.loginmenu.TC_Register">
    <skipped/>
  </testcase> <!-- testRegister -->
  <testcase name="testRegister" time="0.000" classname="com.g2academy.testcases.loginmenu.TC_Register">
    <skipped/>
  </testcase> <!-- testRegister -->
  <testcase name="testRegister" time="0.000" classname="com.g2academy.testcases.loginmenu.TC_Register">
    <skipped/>
  </testcase> <!-- testRegister -->
  <testcase name="testRegister" time="1.615" classname="com.g2academy.testcases.loginmenu.TC_Register">
    <failure type="java.lang.AssertionError" message="expected [true] but found [false]">
      <![CDATA[java.lang.AssertionError: expected [true] but found [false]
at org.testng.Assert.fail(Assert.java:96)
at org.testng.Assert.failNotEquals(Assert.java:776)
at org.testng.Assert.assertTrue(Assert.java:44)
at org.testng.Assert.assertTrue(Assert.java:54)
at com.g2academy.testcases.loginmenu.TC_Register.testRegister(TC_Register.java:85)
at sun.reflect.NativeMethodAccessorImpl.invoke0(Native Method)
at sun.reflect.NativeMethodAccessorImpl.invoke(NativeMethodAccessorImpl.java:62)
at sun.reflect.DelegatingMethodAccessorImpl.invoke(DelegatingMethodAccessorImpl.java:43)
at java.lang.reflect.Method.invoke(Method.java:498)
at org.testng.internal.MethodInvocationHelper.invokeMethod(MethodInvocationHelper.java:124)
at org.testng.internal.InvokeMethodRunnable.runOne(InvokeMethodRunnable.java:54)
at org.testng.internal.InvokeMethodRunnable.run(InvokeMethodRunnable.java:44)
at java.util.concurrent.Executors$RunnableAdapter.call(Executors.java:511)
at java.util.concurrent.FutureTask.run(FutureTask.java:266)
at java.util.concurrent.ThreadPoolExecutor.runWorker(ThreadPoolExecutor.java:1149)
at java.util.concurrent.ThreadPoolExecutor$Worker.run(ThreadPoolExecutor.java:624)
at java.lang.Thread.run(Thread.java:748)
]]>
    </failure>
  </testcase> <!-- testRegister -->
  <testcase name="testRegister" time="0.000" classname="com.g2academy.testcases.loginmenu.TC_Register">
    <skipped/>
  </testcase> <!-- testRegister -->
  <testcase name="testRegister" time="0.000" classname="com.g2academy.testcases.loginmenu.TC_Register">
    <skipped/>
  </testcase> <!-- testRegister -->
  <testcase name="testRegister" time="0.000" classname="com.g2academy.testcases.loginmenu.TC_Register">
    <skipped/>
  </testcase> <!-- testRegister -->
  <testcase name="testRegister" time="0.000" classname="com.g2academy.testcases.loginmenu.TC_Register">
    <skipped/>
  </testcase> <!-- testRegister -->
  <testcase name="testRegister" time="0.000" classname="com.g2academy.testcases.loginmenu.TC_Register">
    <skipped/>
  </testcase> <!-- testRegister -->
  <testcase name="testRegister" time="0.000" classname="com.g2academy.testcases.loginmenu.TC_Register">
    <skipped/>
  </testcase> <!-- testRegister -->
  <testcase name="testRegister" time="0.000" classname="com.g2academy.testcases.loginmenu.TC_Register">
    <skipped/>
  </testcase> <!-- testRegister -->
</testsuite> <!-- com.g2academy.testcases.loginmenu.TC_Register -->
